<?xml version="1.0" encoding="UTF-8"?>
<!-- Generated by org.testng.reporters.JUnitReportReporter -->
<testsuite hostname="DESKTOP-2PN75IH" name="script.TestValidLogin" tests="1" failures="0" timestamp="14 Jun 2019 14:00:25 GMT" time="30.563" errors="0">
  <testcase name="login" time="30.563" classname="script.TestValidLogin"/>
</testsuite> <!-- script.TestValidLogin -->
